<?xml version="1.0" encoding="UTF-8"?>
<testsuite xmlns:xsi="http://www.w3.org/2001/XMLSchema-instance" xsi:noNamespaceSchemaLocation="https://maven.apache.org/surefire/maven-surefire-plugin/xsd/surefire-test-report-3.0.xsd" version="3.0" name="uk.ac.gold.camea001.passwordapp.utils.GeneratorTest" time="0.076" tests="4" errors="0" skipped="0" failures="0">
  <properties>
[...]
</properties>
  <testcase name="generatenum" classname="uk.ac.gold.camea001.passwordapp.utils.GeneratorTest" time="0.04"/>
  <testcase name="generatesym" classname="uk.ac.gold.camea001.passwordapp.utils.GeneratorTest" time="0.0"/>
  <testcase name="generateboth" classname="uk.ac.gold.camea001.passwordapp.utils.GeneratorTest" time="0.0"/>
  <testcase name="generate" classname="uk.ac.gold.camea001.passwordapp.utils.GeneratorTest" time="0.0"/>
</testsuite>